[26-May-2025 15:52:40 UTC] Automatic updates starting...
[26-May-2025 15:52:42 UTC]   Automatic plugin updates starting...
[26-May-2025 15:52:42 UTC]   Automatic plugin updates complete.
[26-May-2025 15:52:43 UTC]   Automatic theme updates starting...
[26-May-2025 15:52:43 UTC]   Automatic theme updates complete.
[26-May-2025 15:52:43 UTC] Automatic updates complete.
[26-May-2025 18:57:10 UTC] PHP Fatal error:  Uncaught Error: Call to undefined function handle_csv_import() in C:\xampp\htdocs\quytindung_taysaigon\wp-content\themes\quytindung_taysaigon\functions.php:299
Stack trace:
#0 C:\xampp\htdocs\quytindung_taysaigon\wp-includes\class-wp-hook.php(324): render_import_form('')
#1 C:\xampp\htdocs\quytindung_taysaigon\wp-includes\class-wp-hook.php(348): WP_Hook->apply_filters('', Array)
#2 C:\xampp\htdocs\quytindung_taysaigon\wp-includes\plugin.php(517): WP_Hook->do_action(Array)
#3 C:\xampp\htdocs\quytindung_taysaigon\wp-admin\admin.php(260): do_action('toplevel_page_i...')
#4 {main}
  thrown in C:\xampp\htdocs\quytindung_taysaigon\wp-content\themes\quytindung_taysaigon\functions.php on line 299
[26-May-2025 19:08:46 UTC] PHP Notice: https://planet.wordpress.org/feed/ is invalid XML, likely due to invalid characters. XML error: > required at line 6, column 24 in C:\xampp\htdocs\quytindung_taysaigon\wp-includes\SimplePie\src\SimplePie.php on line 1698
[26-May-2025 19:12:37 UTC] PHP Fatal error:  Uncaught Error: Call to undefined function submit_button() in C:\xampp\htdocs\quytindung_taysaigon\wp-content\themes\quytindung_taysaigon\functions.php:295
Stack trace:
#0 C:\xampp\htdocs\quytindung_taysaigon\wp-settings.php(695): include()
#1 C:\xampp\htdocs\quytindung_taysaigon\wp-config.php(107): require_once('C:\\xampp\\htdocs...')
#2 C:\xampp\htdocs\quytindung_taysaigon\wp-load.php(50): require_once('C:\\xampp\\htdocs...')
#3 C:\xampp\htdocs\quytindung_taysaigon\wp-admin\admin.php(35): require_once('C:\\xampp\\htdocs...')
#4 {main}
  thrown in C:\xampp\htdocs\quytindung_taysaigon\wp-content\themes\quytindung_taysaigon\functions.php on line 295
[26-May-2025 19:12:39 UTC] PHP Fatal error:  Uncaught Error: Call to undefined function submit_button() in C:\xampp\htdocs\quytindung_taysaigon\wp-content\themes\quytindung_taysaigon\functions.php:295
Stack trace:
#0 C:\xampp\htdocs\quytindung_taysaigon\wp-settings.php(695): include()
#1 C:\xampp\htdocs\quytindung_taysaigon\wp-config.php(107): require_once('C:\\xampp\\htdocs...')
#2 C:\xampp\htdocs\quytindung_taysaigon\wp-load.php(50): require_once('C:\\xampp\\htdocs...')
#3 C:\xampp\htdocs\quytindung_taysaigon\wp-admin\admin.php(35): require_once('C:\\xampp\\htdocs...')
#4 {main}
  thrown in C:\xampp\htdocs\quytindung_taysaigon\wp-content\themes\quytindung_taysaigon\functions.php on line 295
[26-May-2025 19:12:40 UTC] PHP Fatal error:  Uncaught Error: Call to undefined function submit_button() in C:\xampp\htdocs\quytindung_taysaigon\wp-content\themes\quytindung_taysaigon\functions.php:295
Stack trace:
#0 C:\xampp\htdocs\quytindung_taysaigon\wp-settings.php(695): include()
#1 C:\xampp\htdocs\quytindung_taysaigon\wp-config.php(107): require_once('C:\\xampp\\htdocs...')
#2 C:\xampp\htdocs\quytindung_taysaigon\wp-load.php(50): require_once('C:\\xampp\\htdocs...')
#3 C:\xampp\htdocs\quytindung_taysaigon\wp-admin\admin.php(35): require_once('C:\\xampp\\htdocs...')
#4 {main}
  thrown in C:\xampp\htdocs\quytindung_taysaigon\wp-content\themes\quytindung_taysaigon\functions.php on line 295
[26-May-2025 19:12:41 UTC] PHP Fatal error:  Uncaught Error: Call to undefined function submit_button() in C:\xampp\htdocs\quytindung_taysaigon\wp-content\themes\quytindung_taysaigon\functions.php:295
Stack trace:
#0 C:\xampp\htdocs\quytindung_taysaigon\wp-settings.php(695): include()
#1 C:\xampp\htdocs\quytindung_taysaigon\wp-config.php(107): require_once('C:\\xampp\\htdocs...')
#2 C:\xampp\htdocs\quytindung_taysaigon\wp-load.php(50): require_once('C:\\xampp\\htdocs...')
#3 C:\xampp\htdocs\quytindung_taysaigon\wp-admin\admin.php(35): require_once('C:\\xampp\\htdocs...')
#4 {main}
  thrown in C:\xampp\htdocs\quytindung_taysaigon\wp-content\themes\quytindung_taysaigon\functions.php on line 295
[26-May-2025 19:12:46 UTC] PHP Fatal error:  Uncaught Error: Call to undefined function submit_button() in C:\xampp\htdocs\quytindung_taysaigon\wp-content\themes\quytindung_taysaigon\functions.php:295
Stack trace:
#0 C:\xampp\htdocs\quytindung_taysaigon\wp-settings.php(695): include()
#1 C:\xampp\htdocs\quytindung_taysaigon\wp-config.php(107): require_once('C:\\xampp\\htdocs...')
#2 C:\xampp\htdocs\quytindung_taysaigon\wp-load.php(50): require_once('C:\\xampp\\htdocs...')
#3 C:\xampp\htdocs\quytindung_taysaigon\wp-admin\admin.php(35): require_once('C:\\xampp\\htdocs...')
#4 C:\xampp\htdocs\quytindung_taysaigon\wp-admin\index.php(10): require_once('C:\\xampp\\htdocs...')
#5 {main}
  thrown in C:\xampp\htdocs\quytindung_taysaigon\wp-content\themes\quytindung_taysaigon\functions.php on line 295
[26-May-2025 19:12:51 UTC] PHP Fatal error:  Uncaught Error: Call to undefined function submit_button() in C:\xampp\htdocs\quytindung_taysaigon\wp-content\themes\quytindung_taysaigon\functions.php:295
Stack trace:
#0 C:\xampp\htdocs\quytindung_taysaigon\wp-settings.php(695): include()
#1 C:\xampp\htdocs\quytindung_taysaigon\wp-config.php(107): require_once('C:\\xampp\\htdocs...')
#2 C:\xampp\htdocs\quytindung_taysaigon\wp-load.php(50): require_once('C:\\xampp\\htdocs...')
#3 C:\xampp\htdocs\quytindung_taysaigon\wp-blog-header.php(13): require_once('C:\\xampp\\htdocs...')
#4 C:\xampp\htdocs\quytindung_taysaigon\index.php(17): require('C:\\xampp\\htdocs...')
#5 {main}
  thrown in C:\xampp\htdocs\quytindung_taysaigon\wp-content\themes\quytindung_taysaigon\functions.php on line 295
[26-May-2025 19:12:56 UTC] PHP Fatal error:  Uncaught Error: Call to undefined function submit_button() in C:\xampp\htdocs\quytindung_taysaigon\wp-content\themes\quytindung_taysaigon\functions.php:295
Stack trace:
#0 C:\xampp\htdocs\quytindung_taysaigon\wp-settings.php(695): include()
#1 C:\xampp\htdocs\quytindung_taysaigon\wp-config.php(107): require_once('C:\\xampp\\htdocs...')
#2 C:\xampp\htdocs\quytindung_taysaigon\wp-load.php(50): require_once('C:\\xampp\\htdocs...')
#3 C:\xampp\htdocs\quytindung_taysaigon\wp-blog-header.php(13): require_once('C:\\xampp\\htdocs...')
#4 C:\xampp\htdocs\quytindung_taysaigon\index.php(17): require('C:\\xampp\\htdocs...')
#5 {main}
  thrown in C:\xampp\htdocs\quytindung_taysaigon\wp-content\themes\quytindung_taysaigon\functions.php on line 295
[26-May-2025 19:12:58 UTC] PHP Fatal error:  Uncaught Error: Call to undefined function submit_button() in C:\xampp\htdocs\quytindung_taysaigon\wp-content\themes\quytindung_taysaigon\functions.php:295
Stack trace:
#0 C:\xampp\htdocs\quytindung_taysaigon\wp-settings.php(695): include()
#1 C:\xampp\htdocs\quytindung_taysaigon\wp-config.php(107): require_once('C:\\xampp\\htdocs...')
#2 C:\xampp\htdocs\quytindung_taysaigon\wp-load.php(50): require_once('C:\\xampp\\htdocs...')
#3 C:\xampp\htdocs\quytindung_taysaigon\wp-admin\admin-ajax.php(22): require_once('C:\\xampp\\htdocs...')
#4 {main}
  thrown in C:\xampp\htdocs\quytindung_taysaigon\wp-content\themes\quytindung_taysaigon\functions.php on line 295
[26-May-2025 19:13:00 UTC] PHP Fatal error:  Uncaught Error: Call to undefined function submit_button() in C:\xampp\htdocs\quytindung_taysaigon\wp-content\themes\quytindung_taysaigon\functions.php:295
Stack trace:
#0 C:\xampp\htdocs\quytindung_taysaigon\wp-settings.php(695): include()
#1 C:\xampp\htdocs\quytindung_taysaigon\wp-config.php(107): require_once('C:\\xampp\\htdocs...')
#2 C:\xampp\htdocs\quytindung_taysaigon\wp-load.php(50): require_once('C:\\xampp\\htdocs...')
#3 C:\xampp\htdocs\quytindung_taysaigon\wp-admin\admin.php(35): require_once('C:\\xampp\\htdocs...')
#4 C:\xampp\htdocs\quytindung_taysaigon\wp-admin\about.php(10): require_once('C:\\xampp\\htdocs...')
#5 {main}
  thrown in C:\xampp\htdocs\quytindung_taysaigon\wp-content\themes\quytindung_taysaigon\functions.php on line 295
[26-May-2025 19:13:01 UTC] PHP Fatal error:  Uncaught Error: Call to undefined function submit_button() in C:\xampp\htdocs\quytindung_taysaigon\wp-content\themes\quytindung_taysaigon\functions.php:295
Stack trace:
#0 C:\xampp\htdocs\quytindung_taysaigon\wp-settings.php(695): include()
#1 C:\xampp\htdocs\quytindung_taysaigon\wp-config.php(107): require_once('C:\\xampp\\htdocs...')
#2 C:\xampp\htdocs\quytindung_taysaigon\wp-load.php(50): require_once('C:\\xampp\\htdocs...')
#3 C:\xampp\htdocs\quytindung_taysaigon\wp-admin\admin-ajax.php(22): require_once('C:\\xampp\\htdocs...')
#4 {main}
  thrown in C:\xampp\htdocs\quytindung_taysaigon\wp-content\themes\quytindung_taysaigon\functions.php on line 295
[26-May-2025 19:13:10 UTC] PHP Fatal error:  Uncaught Error: Call to undefined function submit_button() in C:\xampp\htdocs\quytindung_taysaigon\wp-content\themes\quytindung_taysaigon\functions.php:295
Stack trace:
#0 C:\xampp\htdocs\quytindung_taysaigon\wp-settings.php(695): include()
#1 C:\xampp\htdocs\quytindung_taysaigon\wp-config.php(107): require_once('C:\\xampp\\htdocs...')
#2 C:\xampp\htdocs\quytindung_taysaigon\wp-load.php(50): require_once('C:\\xampp\\htdocs...')
#3 C:\xampp\htdocs\quytindung_taysaigon\wp-blog-header.php(13): require_once('C:\\xampp\\htdocs...')
#4 C:\xampp\htdocs\quytindung_taysaigon\index.php(17): require('C:\\xampp\\htdocs...')
#5 {main}
  thrown in C:\xampp\htdocs\quytindung_taysaigon\wp-content\themes\quytindung_taysaigon\functions.php on line 295
[26-May-2025 19:13:12 UTC] PHP Fatal error:  Uncaught Error: Call to undefined function submit_button() in C:\xampp\htdocs\quytindung_taysaigon\wp-content\themes\quytindung_taysaigon\functions.php:295
Stack trace:
#0 C:\xampp\htdocs\quytindung_taysaigon\wp-settings.php(695): include()
#1 C:\xampp\htdocs\quytindung_taysaigon\wp-config.php(107): require_once('C:\\xampp\\htdocs...')
#2 C:\xampp\htdocs\quytindung_taysaigon\wp-load.php(50): require_once('C:\\xampp\\htdocs...')
#3 C:\xampp\htdocs\quytindung_taysaigon\wp-admin\admin.php(35): require_once('C:\\xampp\\htdocs...')
#4 C:\xampp\htdocs\quytindung_taysaigon\wp-admin\index.php(10): require_once('C:\\xampp\\htdocs...')
#5 {main}
  thrown in C:\xampp\htdocs\quytindung_taysaigon\wp-content\themes\quytindung_taysaigon\functions.php on line 295
[26-May-2025 19:13:15 UTC] PHP Fatal error:  Uncaught Error: Call to undefined function submit_button() in C:\xampp\htdocs\quytindung_taysaigon\wp-content\themes\quytindung_taysaigon\functions.php:295
Stack trace:
#0 C:\xampp\htdocs\quytindung_taysaigon\wp-settings.php(695): include()
#1 C:\xampp\htdocs\quytindung_taysaigon\wp-config.php(107): require_once('C:\\xampp\\htdocs...')
#2 C:\xampp\htdocs\quytindung_taysaigon\wp-load.php(50): require_once('C:\\xampp\\htdocs...')
#3 C:\xampp\htdocs\quytindung_taysaigon\wp-admin\admin.php(35): require_once('C:\\xampp\\htdocs...')
#4 C:\xampp\htdocs\quytindung_taysaigon\wp-admin\index.php(10): require_once('C:\\xampp\\htdocs...')
#5 {main}
  thrown in C:\xampp\htdocs\quytindung_taysaigon\wp-content\themes\quytindung_taysaigon\functions.php on line 295
[26-May-2025 19:13:18 UTC] PHP Fatal error:  Uncaught Error: Call to undefined function submit_button() in C:\xampp\htdocs\quytindung_taysaigon\wp-content\themes\quytindung_taysaigon\functions.php:295
Stack trace:
#0 C:\xampp\htdocs\quytindung_taysaigon\wp-settings.php(695): include()
#1 C:\xampp\htdocs\quytindung_taysaigon\wp-config.php(107): require_once('C:\\xampp\\htdocs...')
#2 C:\xampp\htdocs\quytindung_taysaigon\wp-load.php(50): require_once('C:\\xampp\\htdocs...')
#3 C:\xampp\htdocs\quytindung_taysaigon\wp-admin\admin.php(35): require_once('C:\\xampp\\htdocs...')
#4 C:\xampp\htdocs\quytindung_taysaigon\wp-admin\about.php(10): require_once('C:\\xampp\\htdocs...')
#5 {main}
  thrown in C:\xampp\htdocs\quytindung_taysaigon\wp-content\themes\quytindung_taysaigon\functions.php on line 295
[26-May-2025 19:13:29 UTC] PHP Fatal error:  Uncaught Error: Call to undefined function submit_button() in C:\xampp\htdocs\quytindung_taysaigon\wp-content\themes\quytindung_taysaigon\functions.php:295
Stack trace:
#0 C:\xampp\htdocs\quytindung_taysaigon\wp-settings.php(695): include()
#1 C:\xampp\htdocs\quytindung_taysaigon\wp-config.php(107): require_once('C:\\xampp\\htdocs...')
#2 C:\xampp\htdocs\quytindung_taysaigon\wp-load.php(50): require_once('C:\\xampp\\htdocs...')
#3 C:\xampp\htdocs\quytindung_taysaigon\wp-blog-header.php(13): require_once('C:\\xampp\\htdocs...')
#4 C:\xampp\htdocs\quytindung_taysaigon\index.php(17): require('C:\\xampp\\htdocs...')
#5 {main}
  thrown in C:\xampp\htdocs\quytindung_taysaigon\wp-content\themes\quytindung_taysaigon\functions.php on line 295
[26-May-2025 19:31:01 UTC] PHP Fatal error:  Uncaught TypeError: number_format(): Argument #1 ($num) must be of type float, string given in C:\xampp\htdocs\quytindung_taysaigon\wp-content\themes\quytindung_taysaigon\functions.php:265
Stack trace:
#0 C:\xampp\htdocs\quytindung_taysaigon\wp-content\themes\quytindung_taysaigon\functions.php(265): number_format('50,156,000')
#1 C:\xampp\htdocs\quytindung_taysaigon\wp-includes\class-wp-hook.php(324): handle_tra_cuu_tai_khoan('')
#2 C:\xampp\htdocs\quytindung_taysaigon\wp-includes\class-wp-hook.php(348): WP_Hook->apply_filters('', Array)
#3 C:\xampp\htdocs\quytindung_taysaigon\wp-includes\plugin.php(517): WP_Hook->do_action(Array)
#4 C:\xampp\htdocs\quytindung_taysaigon\wp-admin\admin-ajax.php(192): do_action('wp_ajax_tra_cuu...')
#5 {main}
  thrown in C:\xampp\htdocs\quytindung_taysaigon\wp-content\themes\quytindung_taysaigon\functions.php on line 265
[26-May-2025 20:11:47 UTC] PHP Parse error:  syntax error, unexpected token "else" in C:\xampp\htdocs\quytindung_taysaigon\wp-content\themes\quytindung_taysaigon\functions.php on line 287
[26-May-2025 20:14:00 UTC] PHP Warning:  Undefined variable $post_id in C:\xampp\htdocs\quytindung_taysaigon\wp-content\themes\quytindung_taysaigon\functions.php on line 297
[26-May-2025 20:14:00 UTC] PHP Warning:  Undefined variable $post_id in C:\xampp\htdocs\quytindung_taysaigon\wp-content\themes\quytindung_taysaigon\functions.php on line 297
[26-May-2025 20:14:00 UTC] PHP Warning:  Undefined variable $post_id in C:\xampp\htdocs\quytindung_taysaigon\wp-content\themes\quytindung_taysaigon\functions.php on line 297
[26-May-2025 20:14:00 UTC] PHP Warning:  Undefined variable $post_id in C:\xampp\htdocs\quytindung_taysaigon\wp-content\themes\quytindung_taysaigon\functions.php on line 297
[26-May-2025 20:14:00 UTC] PHP Warning:  Undefined variable $post_id in C:\xampp\htdocs\quytindung_taysaigon\wp-content\themes\quytindung_taysaigon\functions.php on line 297
[26-May-2025 20:14:00 UTC] PHP Warning:  Undefined variable $post_id in C:\xampp\htdocs\quytindung_taysaigon\wp-content\themes\quytindung_taysaigon\functions.php on line 297
[26-May-2025 20:14:00 UTC] PHP Warning:  Undefined variable $post_id in C:\xampp\htdocs\quytindung_taysaigon\wp-content\themes\quytindung_taysaigon\functions.php on line 297
[26-May-2025 20:14:00 UTC] PHP Warning:  Undefined variable $post_id in C:\xampp\htdocs\quytindung_taysaigon\wp-content\themes\quytindung_taysaigon\functions.php on line 297
[26-May-2025 20:14:00 UTC] PHP Warning:  Undefined variable $post_id in C:\xampp\htdocs\quytindung_taysaigon\wp-content\themes\quytindung_taysaigon\functions.php on line 297
[26-May-2025 20:14:00 UTC] PHP Warning:  Undefined variable $post_id in C:\xampp\htdocs\quytindung_taysaigon\wp-content\themes\quytindung_taysaigon\functions.php on line 297
[26-May-2025 20:14:00 UTC] PHP Warning:  Undefined variable $post_id in C:\xampp\htdocs\quytindung_taysaigon\wp-content\themes\quytindung_taysaigon\functions.php on line 297
[26-May-2025 20:14:00 UTC] PHP Warning:  Undefined variable $post_id in C:\xampp\htdocs\quytindung_taysaigon\wp-content\themes\quytindung_taysaigon\functions.php on line 297
[26-May-2025 20:14:00 UTC] PHP Warning:  Undefined variable $post_id in C:\xampp\htdocs\quytindung_taysaigon\wp-content\themes\quytindung_taysaigon\functions.php on line 297
[26-May-2025 20:14:00 UTC] PHP Warning:  Undefined variable $post_id in C:\xampp\htdocs\quytindung_taysaigon\wp-content\themes\quytindung_taysaigon\functions.php on line 297
[26-May-2025 20:14:00 UTC] PHP Warning:  Undefined variable $post_id in C:\xampp\htdocs\quytindung_taysaigon\wp-content\themes\quytindung_taysaigon\functions.php on line 297
[26-May-2025 20:14:00 UTC] PHP Warning:  Undefined variable $post_id in C:\xampp\htdocs\quytindung_taysaigon\wp-content\themes\quytindung_taysaigon\functions.php on line 297
[26-May-2025 20:14:00 UTC] PHP Warning:  Undefined variable $post_id in C:\xampp\htdocs\quytindung_taysaigon\wp-content\themes\quytindung_taysaigon\functions.php on line 297
[27-May-2025 03:23:40 UTC] PHP Deprecated:  File Theme without sidebar.php is <strong>deprecated</strong> since version 3.0.0 with no alternative available. Please include a sidebar.php template in your theme. in C:\xampp\htdocs\quytindung_taysaigon\wp-includes\functions.php on line 6121
[27-May-2025 03:51:39 UTC] Automatic updates starting...
[27-May-2025 03:51:41 UTC]   Automatic plugin updates starting...
[27-May-2025 03:51:41 UTC]   Automatic plugin updates complete.
[27-May-2025 03:51:42 UTC]   Automatic theme updates starting...
[27-May-2025 03:51:42 UTC]   Automatic theme updates complete.
[27-May-2025 03:51:42 UTC] Automatic updates complete.
